{"C:\\Users\\LENOVO PC\\Documents\\Andela\\GitExercise\\updatePostIt\\app.js":{"path":"C:\\Users\\LENOVO PC\\Documents\\Andela\\GitExercise\\updatePostIt\\app.js","s":{"1":1,"2":1,"3":1,"4":1,"5":1,"6":1,"7":1,"8":1,"9":1,"10":1,"11":4,"12":1,"13":1,"14":1,"15":1,"16":1,"17":1,"18":1,"19":1},"b":{"1":[1,3],"2":[4,4]},"f":{"1":4,"2":1},"fnMap":{"1":{"name":"_interopRequireDefault","line":0,"loc":{"start":{"line":0,"column":0},"end":{"line":0,"column":0}},"skip":true},"2":{"name":"(anonymous_2)","line":16,"loc":{"start":{"line":16,"column":17},"end":{"line":16,"column":23}}}},"statementMap":{"1":{"start":{"line":0,"column":0},"end":{"line":0,"column":0},"skip":true},"2":{"start":{"line":2,"column":0},"end":{"line":null,"column":null}},"3":{"start":{"line":0,"column":0},"end":{"line":0,"column":0},"skip":true},"4":{"start":{"line":3,"column":0},"end":{"line":null,"column":null}},"5":{"start":{"line":0,"column":0},"end":{"line":0,"column":0},"skip":true},"6":{"start":{"line":4,"column":0},"end":{"line":null,"column":null}},"7":{"start":{"line":0,"column":0},"end":{"line":0,"column":0},"skip":true},"8":{"start":{"line":5,"column":0},"end":{"line":null,"column":null}},"9":{"start":{"line":0,"column":0},"end":{"line":0,"column":0},"skip":true},"10":{"start":{"line":0,"column":0},"end":{"line":0,"column":0},"skip":true},"11":{"start":{"line":0,"column":0},"end":{"line":0,"column":0},"skip":true},"12":{"start":{"line":7,"column":0},"end":{"line":null,"column":null}},"13":{"start":{"line":9,"column":0},"end":{"line":null,"column":null}},"14":{"start":{"line":10,"column":0},"end":{"line":null,"column":null}},"15":{"start":{"line":11,"column":0},"end":{"line":null,"column":null}},"16":{"start":{"line":12,"column":0},"end":{"line":null,"column":null}},"17":{"start":{"line":16,"column":0},"end":{"line":null,"column":null}},"18":{"start":{"line":17,"column":10},"end":{"line":null,"column":null}},"19":{"start":{"line":20,"column":15},"end":{"line":null,"column":null}}},"branchMap":{"1":{"line":0,"type":"cond-expr","locations":[{"start":{"line":0,"column":0},"end":{"line":0,"column":0},"skip":true},{"start":{"line":0,"column":0},"end":{"line":0,"column":0},"skip":true}]},"2":{"line":0,"type":"binary-expr","locations":[{"start":{"line":0,"column":0},"end":{"line":0,"column":0},"skip":true},{"start":{"line":0,"column":0},"end":{"line":0,"column":0},"skip":true}]}}},"C:\\Users\\LENOVO PC\\Documents\\Andela\\GitExercise\\updatePostIt\\routes.js":{"path":"C:\\Users\\LENOVO PC\\Documents\\Andela\\GitExercise\\updatePostIt\\routes.js","s":{"1":1,"2":1,"3":1,"4":1,"5":1,"6":1,"7":1,"8":1,"9":1,"10":1,"11":1,"12":0,"13":1,"14":1,"15":1,"16":1,"17":1,"18":1,"19":1,"20":1,"21":1},"b":{"1":[0,1],"2":[1,1]},"f":{"1":1,"2":0},"fnMap":{"1":{"name":"_interopRequireDefault","line":0,"loc":{"start":{"line":0,"column":0},"end":{"line":0,"column":0}},"skip":true},"2":{"name":"(anonymous_2)","line":10,"loc":{"start":{"line":10,"column":20},"end":{"line":10,"column":34}}}},"statementMap":{"1":{"start":{"line":0,"column":0},"end":{"line":0,"column":0},"skip":true},"2":{"start":{"line":2,"column":0},"end":{"line":null,"column":null}},"3":{"start":{"line":0,"column":0},"end":{"line":0,"column":0},"skip":true},"4":{"start":{"line":3,"column":0},"end":{"line":null,"column":null}},"5":{"start":{"line":0,"column":0},"end":{"line":0,"column":0},"skip":true},"6":{"start":{"line":0,"column":0},"end":{"line":0,"column":0},"skip":true},"7":{"start":{"line":5,"column":0},"end":{"line":null,"column":null}},"8":{"start":{"line":6,"column":0},"end":{"line":null,"column":null}},"9":{"start":{"line":7,"column":0},"end":{"line":null,"column":null}},"10":{"start":{"line":8,"column":0},"end":{"line":null,"column":null}},"11":{"start":{"line":10,"column":0},"end":{"line":null,"column":null}},"12":{"start":{"line":11,"column":6},"end":{"line":null,"column":null}},"13":{"start":{"line":14,"column":0},"end":{"line":null,"column":null}},"14":{"start":{"line":15,"column":0},"end":{"line":null,"column":null}},"15":{"start":{"line":16,"column":0},"end":{"line":null,"column":null}},"16":{"start":{"line":17,"column":0},"end":{"line":null,"column":null}},"17":{"start":{"line":18,"column":0},"end":{"line":null,"column":null}},"18":{"start":{"line":19,"column":0},"end":{"line":null,"column":null}},"19":{"start":{"line":20,"column":0},"end":{"line":null,"column":null}},"20":{"start":{"line":21,"column":0},"end":{"line":null,"column":null}},"21":{"start":{"line":23,"column":15},"end":{"line":null,"column":null}}},"branchMap":{"1":{"line":0,"type":"cond-expr","locations":[{"start":{"line":0,"column":0},"end":{"line":0,"column":0},"skip":true},{"start":{"line":0,"column":0},"end":{"line":0,"column":0},"skip":true}]},"2":{"line":0,"type":"binary-expr","locations":[{"start":{"line":0,"column":0},"end":{"line":0,"column":0},"skip":true},{"start":{"line":0,"column":0},"end":{"line":0,"column":0},"skip":true}]}}},"C:\\Users\\LENOVO PC\\Documents\\Andela\\GitExercise\\updatePostIt\\server\\controller\\index.js":{"path":"C:\\Users\\LENOVO PC\\Documents\\Andela\\GitExercise\\updatePostIt\\server\\controller\\index.js","s":{"1":1,"2":1,"3":1,"4":1,"5":1,"6":1,"7":1,"8":1,"9":1,"10":3,"11":1,"12":1,"13":1},"b":{"1":[3,0],"2":[3,3]},"f":{"1":3},"fnMap":{"1":{"name":"_interopRequireDefault","line":0,"loc":{"start":{"line":0,"column":0},"end":{"line":0,"column":0}},"skip":true}},"statementMap":{"1":{"start":{"line":0,"column":0},"end":{"line":0,"column":0},"skip":true},"2":{"start":{"line":0,"column":0},"end":{"line":0,"column":0},"skip":true},"3":{"start":{"line":2,"column":0},"end":{"line":null,"column":null}},"4":{"start":{"line":0,"column":0},"end":{"line":0,"column":0},"skip":true},"5":{"start":{"line":3,"column":0},"end":{"line":null,"column":null}},"6":{"start":{"line":0,"column":0},"end":{"line":0,"column":0},"skip":true},"7":{"start":{"line":4,"column":0},"end":{"line":null,"column":null}},"8":{"start":{"line":0,"column":0},"end":{"line":0,"column":0},"skip":true},"9":{"start":{"line":0,"column":0},"end":{"line":0,"column":0},"skip":true},"10":{"start":{"line":0,"column":0},"end":{"line":0,"column":0},"skip":true},"11":{"start":{"line":6,"column":8},"end":{"line":null,"column":null}},"12":{"start":{"line":6,"column":15},"end":{"line":null,"column":null}},"13":{"start":{"line":6,"column":24},"end":{"line":null,"column":null}}},"branchMap":{"1":{"line":0,"type":"cond-expr","locations":[{"start":{"line":0,"column":0},"end":{"line":0,"column":0},"skip":true},{"start":{"line":0,"column":0},"end":{"line":0,"column":0},"skip":true}]},"2":{"line":0,"type":"binary-expr","locations":[{"start":{"line":0,"column":0},"end":{"line":0,"column":0},"skip":true},{"start":{"line":0,"column":0},"end":{"line":0,"column":0},"skip":true}]}}},"C:\\Users\\LENOVO PC\\Documents\\Andela\\GitExercise\\updatePostIt\\server\\controller\\group.js":{"path":"C:\\Users\\LENOVO PC\\Documents\\Andela\\GitExercise\\updatePostIt\\server\\controller\\group.js","s":{"1":1,"2":1,"3":1,"4":1,"5":1,"6":1,"7":1,"8":1,"9":1,"10":1,"11":0,"12":0,"13":1,"14":1,"15":0,"16":0,"17":0,"18":0,"19":0,"20":0,"21":1,"22":0,"23":0,"24":0,"25":0,"26":0,"27":0},"b":{"1":[1,0],"2":[1,1],"3":[0,0]},"f":{"1":1,"2":1,"3":0,"4":1,"5":1,"6":0,"7":0,"8":1,"9":0,"10":0,"11":0},"fnMap":{"1":{"name":"_interopRequireDefault","line":0,"loc":{"start":{"line":0,"column":0},"end":{"line":0,"column":0}},"skip":true},"2":{"name":"CreateGroup","line":11,"loc":{"start":{"line":11,"column":14},"end":{"line":11,"column":23}}},"3":{"name":"(anonymous_3)","line":16,"loc":{"start":{"line":16,"column":11},"end":{"line":16,"column":20}}},"4":{"name":"(anonymous_4)","line":22,"loc":{"start":{"line":22,"column":12},"end":{"line":null,"column":null}}},"5":{"name":"list","line":25,"loc":{"start":{"line":25,"column":7},"end":{"line":25,"column":16}}},"6":{"name":"(anonymous_6)","line":35,"loc":{"start":{"line":35,"column":11},"end":{"line":35,"column":20}}},"7":{"name":"(anonymous_7)","line":38,"loc":{"start":{"line":38,"column":20},"end":{"line":38,"column":31}}},"8":{"name":"(anonymous_8)","line":56,"loc":{"start":{"line":56,"column":12},"end":{"line":null,"column":null}}},"9":{"name":"addUser","line":59,"loc":{"start":{"line":59,"column":10},"end":{"line":59,"column":19}}},"10":{"name":"(anonymous_10)","line":61,"loc":{"start":{"line":61,"column":10},"end":{"line":61,"column":26}}},"11":{"name":"(anonymous_11)","line":72,"loc":{"start":{"line":72,"column":11},"end":{"line":null,"column":null}}}},"statementMap":{"1":{"start":{"line":0,"column":0},"end":{"line":0,"column":0},"skip":true},"2":{"start":{"line":2,"column":0},"end":{"line":null,"column":null}},"3":{"start":{"line":0,"column":0},"end":{"line":0,"column":0},"skip":true},"4":{"start":{"line":0,"column":0},"end":{"line":0,"column":0},"skip":true},"5":{"start":{"line":0,"column":0},"end":{"line":0,"column":0},"skip":true},"6":{"start":{"line":4,"column":0},"end":{"line":null,"column":null}},"7":{"start":{"line":5,"column":0},"end":{"line":null,"column":null}},"8":{"start":{"line":6,"column":0},"end":{"line":null,"column":null}},"9":{"start":{"line":9,"column":15},"end":{"line":74,"column":3}},"10":{"start":{"line":12,"column":10},"end":{"line":null,"column":null}},"11":{"start":{"line":17,"column":10},"end":{"line":null,"column":null}},"12":{"start":{"line":21,"column":10},"end":{"line":null,"column":null}},"13":{"start":{"line":22,"column":23},"end":{"line":null,"column":null}},"14":{"start":{"line":26,"column":10},"end":{"line":null,"column":null}},"15":{"start":{"line":36,"column":10},"end":{"line":null,"column":null}},"16":{"start":{"line":37,"column":10},"end":{"line":null,"column":null}},"17":{"start":{"line":38,"column":11},"end":{"line":35,"column":20}},"18":{"start":{"line":39,"column":12},"end":{"line":null,"column":null}},"19":{"start":{"line":53,"column":17},"end":{"line":null,"column":null}},"20":{"start":{"line":55,"column":10},"end":{"line":null,"column":null}},"21":{"start":{"line":56,"column":23},"end":{"line":null,"column":null}},"22":{"start":{"line":60,"column":10},"end":{"line":null,"column":null}},"23":{"start":{"line":62,"column":9},"end":{"line":61,"column":26}},"24":{"start":{"line":63,"column":12},"end":{"line":null,"column":null}},"25":{"start":{"line":65,"column":19},"end":{"line":64,"column":11}},"26":{"start":{"line":70,"column":12},"end":{"line":null,"column":null}},"27":{"start":{"line":72,"column":20},"end":{"line":null,"column":null}}},"branchMap":{"1":{"line":0,"type":"cond-expr","locations":[{"start":{"line":0,"column":0},"end":{"line":0,"column":0},"skip":true},{"start":{"line":0,"column":0},"end":{"line":0,"column":0},"skip":true}]},"2":{"line":0,"type":"binary-expr","locations":[{"start":{"line":0,"column":0},"end":{"line":0,"column":0},"skip":true},{"start":{"line":0,"column":0},"end":{"line":0,"column":0},"skip":true}]},"3":{"line":62,"type":"if","locations":[{"start":{"line":62,"column":9},"end":{"line":62,"column":9}},{"start":{"line":62,"column":9},"end":{"line":62,"column":9}}]}}},"C:\\Users\\LENOVO PC\\Documents\\Andela\\GitExercise\\updatePostIt\\server\\models\\index.js":{"path":"C:\\Users\\LENOVO PC\\Documents\\Andela\\GitExercise\\updatePostIt\\server\\models\\index.js","s":{"1":1,"2":1,"3":1,"4":1,"5":1,"6":1,"7":1,"8":1,"9":3,"10":1,"11":1,"12":1,"13":1,"14":1,"15":1,"16":0,"17":1,"18":1,"19":5,"20":4,"21":4,"22":1,"23":4,"24":3,"25":1,"26":1,"27":1},"b":{"1":[0,3],"2":[3,3],"3":[1,0],"4":[0,1],"5":[5,5,4],"6":[3,1]},"f":{"1":3,"2":5,"3":4,"4":4},"fnMap":{"1":{"name":"_interopRequireDefault","line":0,"loc":{"start":{"line":0,"column":0},"end":{"line":0,"column":0}},"skip":true},"2":{"name":"(anonymous_2)","line":22,"loc":{"start":{"line":22,"column":10},"end":{"line":22,"column":25}}},"3":{"name":"(anonymous_3)","line":25,"loc":{"start":{"line":25,"column":11},"end":{"line":25,"column":26}}},"4":{"name":"(anonymous_4)","line":30,"loc":{"start":{"line":30,"column":24},"end":{"line":30,"column":44}}}},"statementMap":{"1":{"start":{"line":0,"column":0},"end":{"line":0,"column":0},"skip":true},"2":{"start":{"line":3,"column":0},"end":{"line":null,"column":null}},"3":{"start":{"line":0,"column":0},"end":{"line":0,"column":0},"skip":true},"4":{"start":{"line":4,"column":0},"end":{"line":null,"column":null}},"5":{"start":{"line":0,"column":0},"end":{"line":0,"column":0},"skip":true},"6":{"start":{"line":5,"column":0},"end":{"line":null,"column":null}},"7":{"start":{"line":0,"column":0},"end":{"line":0,"column":0},"skip":true},"8":{"start":{"line":0,"column":0},"end":{"line":0,"column":0},"skip":true},"9":{"start":{"line":0,"column":0},"end":{"line":0,"column":0},"skip":true},"10":{"start":{"line":7,"column":0},"end":{"line":null,"column":null}},"11":{"start":{"line":8,"column":0},"end":{"line":null,"column":null}},"12":{"start":{"line":9,"column":0},"end":{"line":null,"column":null}},"13":{"start":{"line":11,"column":0},"end":{"line":null,"column":null}},"14":{"start":{"line":13,"column":0},"end":{"line":null,"column":null}},"15":{"start":{"line":14,"column":0},"end":{"line":null,"column":null}},"16":{"start":{"line":15,"column":14},"end":{"line":null,"column":null}},"17":{"start":{"line":17,"column":14},"end":{"line":null,"column":null}},"18":{"start":{"line":20,"column":0},"end":{"line":null,"column":null}},"19":{"start":{"line":23,"column":12},"end":{"line":null,"column":null}},"20":{"start":{"line":26,"column":8},"end":{"line":null,"column":null}},"21":{"start":{"line":27,"column":7},"end":{"line":null,"column":null}},"22":{"start":{"line":30,"column":0},"end":{"line":null,"column":null}},"23":{"start":{"line":31,"column":6},"end":{"line":null,"column":null}},"24":{"start":{"line":32,"column":7},"end":{"line":null,"column":null}},"25":{"start":{"line":36,"column":0},"end":{"line":null,"column":null}},"26":{"start":{"line":37,"column":0},"end":{"line":null,"column":null}},"27":{"start":{"line":39,"column":15},"end":{"line":null,"column":null}}},"branchMap":{"1":{"line":0,"type":"cond-expr","locations":[{"start":{"line":0,"column":0},"end":{"line":0,"column":0},"skip":true},{"start":{"line":0,"column":0},"end":{"line":0,"column":0},"skip":true}]},"2":{"line":0,"type":"binary-expr","locations":[{"start":{"line":0,"column":0},"end":{"line":0,"column":0},"skip":true},{"start":{"line":0,"column":0},"end":{"line":0,"column":0},"skip":true}]},"3":{"line":8,"type":"binary-expr","locations":[{"start":{"line":8,"column":18},"end":{"line":8,"column":18}},{"start":{"line":8,"column":42},"end":{"line":8,"column":0}}]},"4":{"line":14,"type":"if","locations":[{"start":{"line":14,"column":0},"end":{"line":14,"column":0}},{"start":{"line":14,"column":0},"end":{"line":14,"column":0}}]},"5":{"line":23,"type":"binary-expr","locations":[{"start":{"line":23,"column":12},"end":{"line":23,"column":11}},{"start":{"line":23,"column":41},"end":{"line":23,"column":11}},{"start":{"line":23,"column":64},"end":{"line":23,"column":4}}]},"6":{"line":31,"type":"if","locations":[{"start":{"line":31,"column":6},"end":{"line":31,"column":6}},{"start":{"line":31,"column":6},"end":{"line":31,"column":6}}]}}},"C:\\Users\\LENOVO PC\\Documents\\Andela\\GitExercise\\updatePostIt\\server\\models\\group.js":{"path":"C:\\Users\\LENOVO PC\\Documents\\Andela\\GitExercise\\updatePostIt\\server\\models\\group.js","s":{"1":1,"2":1,"3":1,"4":1,"5":1,"6":1,"7":1},"b":{},"f":{"1":1,"2":1},"fnMap":{"1":{"name":"(anonymous_1)","line":3,"loc":{"start":{"line":3,"column":15},"end":{"line":3,"column":42}}},"2":{"name":"(anonymous_2)","line":8,"loc":{"start":{"line":8,"column":20},"end":{"line":8,"column":32}}}},"statementMap":{"1":{"start":{"line":0,"column":0},"end":{"line":0,"column":0},"skip":true},"2":{"start":{"line":3,"column":15},"end":{"line":null,"column":null}},"3":{"start":{"line":4,"column":8},"end":{"line":null,"column":null}},"4":{"start":{"line":8,"column":8},"end":{"line":3,"column":42}},"5":{"start":{"line":9,"column":10},"end":{"line":null,"column":null}},"6":{"start":{"line":13,"column":10},"end":{"line":null,"column":null}},"7":{"start":{"line":19,"column":9},"end":{"line":null,"column":null}}},"branchMap":{}},"C:\\Users\\LENOVO PC\\Documents\\Andela\\GitExercise\\updatePostIt\\server\\models\\groupusers.js":{"path":"C:\\Users\\LENOVO PC\\Documents\\Andela\\GitExercise\\updatePostIt\\server\\models\\groupusers.js","s":{"1":1,"2":1,"3":1,"4":1},"b":{},"f":{"1":1},"fnMap":{"1":{"name":"(anonymous_1)","line":3,"loc":{"start":{"line":3,"column":15},"end":{"line":3,"column":41}}}},"statementMap":{"1":{"start":{"line":0,"column":0},"end":{"line":0,"column":0},"skip":true},"2":{"start":{"line":3,"column":15},"end":{"line":null,"column":null}},"3":{"start":{"line":4,"column":6},"end":{"line":null,"column":null}},"4":{"start":{"line":8,"column":9},"end":{"line":null,"column":null}}},"branchMap":{}},"C:\\Users\\LENOVO PC\\Documents\\Andela\\GitExercise\\updatePostIt\\server\\models\\message.js":{"path":"C:\\Users\\LENOVO PC\\Documents\\Andela\\GitExercise\\updatePostIt\\server\\models\\message.js","s":{"1":1,"2":1,"3":1,"4":1,"5":1,"6":1},"b":{},"f":{"1":1,"2":1},"fnMap":{"1":{"name":"(anonymous_1)","line":3,"loc":{"start":{"line":3,"column":15},"end":{"line":3,"column":41}}},"2":{"name":"(anonymous_2)","line":9,"loc":{"start":{"line":9,"column":22},"end":{"line":9,"column":34}}}},"statementMap":{"1":{"start":{"line":0,"column":0},"end":{"line":0,"column":0},"skip":true},"2":{"start":{"line":3,"column":15},"end":{"line":null,"column":null}},"3":{"start":{"line":4,"column":8},"end":{"line":null,"column":null}},"4":{"start":{"line":9,"column":10},"end":{"line":null,"column":null}},"5":{"start":{"line":10,"column":12},"end":{"line":null,"column":null}},"6":{"start":{"line":15,"column":9},"end":{"line":null,"column":null}}},"branchMap":{}},"C:\\Users\\LENOVO PC\\Documents\\Andela\\GitExercise\\updatePostIt\\server\\models\\user.js":{"path":"C:\\Users\\LENOVO PC\\Documents\\Andela\\GitExercise\\updatePostIt\\server\\models\\user.js","s":{"1":1,"2":1,"3":1,"4":1,"5":1,"6":1,"7":1},"b":{},"f":{"1":1,"2":1},"fnMap":{"1":{"name":"(anonymous_1)","line":2,"loc":{"start":{"line":2,"column":15},"end":{"line":2,"column":41}}},"2":{"name":"(anonymous_2)","line":9,"loc":{"start":{"line":9,"column":19},"end":{"line":9,"column":31}}}},"statementMap":{"1":{"start":{"line":0,"column":0},"end":{"line":0,"column":0},"skip":true},"2":{"start":{"line":2,"column":15},"end":{"line":null,"column":null}},"3":{"start":{"line":3,"column":8},"end":{"line":null,"column":null}},"4":{"start":{"line":9,"column":7},"end":{"line":2,"column":41}},"5":{"start":{"line":10,"column":9},"end":{"line":null,"column":null}},"6":{"start":{"line":15,"column":9},"end":{"line":null,"column":null}},"7":{"start":{"line":17,"column":9},"end":{"line":null,"column":null}}},"branchMap":{}},"C:\\Users\\LENOVO PC\\Documents\\Andela\\GitExercise\\updatePostIt\\server\\controller\\message.js":{"path":"C:\\Users\\LENOVO PC\\Documents\\Andela\\GitExercise\\updatePostIt\\server\\controller\\message.js","s":{"1":1,"2":1,"3":1,"4":1,"5":1,"6":1,"7":1,"8":1,"9":0,"10":0,"11":0,"12":0,"13":0,"14":0,"15":0,"16":0,"17":0,"18":0,"19":0},"b":{"1":[1,0],"2":[1,1]},"f":{"1":1,"2":0,"3":0,"4":0,"5":0,"6":0,"7":0,"8":0},"fnMap":{"1":{"name":"_interopRequireDefault","line":0,"loc":{"start":{"line":0,"column":0},"end":{"line":0,"column":0}},"skip":true},"2":{"name":"createMessage","line":9,"loc":{"start":{"line":9,"column":16},"end":{"line":9,"column":25}}},"3":{"name":"(anonymous_3)","line":15,"loc":{"start":{"line":15,"column":11},"end":{"line":15,"column":21}}},"4":{"name":"(anonymous_4)","line":22,"loc":{"start":{"line":22,"column":12},"end":{"line":null,"column":null}}},"5":{"name":"list","line":25,"loc":{"start":{"line":25,"column":7},"end":{"line":25,"column":16}}},"6":{"name":"(anonymous_6)","line":32,"loc":{"start":{"line":32,"column":11},"end":{"line":32,"column":19}}},"7":{"name":"(anonymous_7)","line":34,"loc":{"start":{"line":34,"column":20},"end":{"line":34,"column":28}}},"8":{"name":"(anonymous_8)","line":43,"loc":{"start":{"line":43,"column":12},"end":{"line":null,"column":null}}}},"statementMap":{"1":{"start":{"line":0,"column":0},"end":{"line":0,"column":0},"skip":true},"2":{"start":{"line":2,"column":0},"end":{"line":null,"column":null}},"3":{"start":{"line":0,"column":0},"end":{"line":0,"column":0},"skip":true},"4":{"start":{"line":0,"column":0},"end":{"line":0,"column":0},"skip":true},"5":{"start":{"line":0,"column":0},"end":{"line":0,"column":0},"skip":true},"6":{"start":{"line":4,"column":0},"end":{"line":null,"column":null}},"7":{"start":{"line":5,"column":0},"end":{"line":null,"column":null}},"8":{"start":{"line":7,"column":15},"end":{"line":45,"column":3}},"9":{"start":{"line":10,"column":12},"end":{"line":null,"column":null}},"10":{"start":{"line":16,"column":10},"end":{"line":null,"column":null}},"11":{"start":{"line":21,"column":10},"end":{"line":null,"column":null}},"12":{"start":{"line":22,"column":23},"end":{"line":null,"column":null}},"13":{"start":{"line":26,"column":12},"end":{"line":null,"column":null}},"14":{"start":{"line":33,"column":10},"end":{"line":null,"column":null}},"15":{"start":{"line":34,"column":11},"end":{"line":null,"column":null}},"16":{"start":{"line":35,"column":12},"end":{"line":null,"column":null}},"17":{"start":{"line":40,"column":16},"end":{"line":null,"column":null}},"18":{"start":{"line":42,"column":10},"end":{"line":null,"column":null}},"19":{"start":{"line":43,"column":23},"end":{"line":null,"column":null}}},"branchMap":{"1":{"line":0,"type":"cond-expr","locations":[{"start":{"line":0,"column":0},"end":{"line":0,"column":0},"skip":true},{"start":{"line":0,"column":0},"end":{"line":0,"column":0},"skip":true}]},"2":{"line":0,"type":"binary-expr","locations":[{"start":{"line":0,"column":0},"end":{"line":0,"column":0},"skip":true},{"start":{"line":0,"column":0},"end":{"line":0,"column":0},"skip":true}]}}},"C:\\Users\\LENOVO PC\\Documents\\Andela\\GitExercise\\updatePostIt\\server\\controller\\user.js":{"path":"C:\\Users\\LENOVO PC\\Documents\\Andela\\GitExercise\\updatePostIt\\server\\controller\\user.js","s":{"1":1,"2":1,"3":1,"4":1,"5":1,"6":1,"7":1,"8":1,"9":1,"10":1,"11":0,"12":0,"13":1,"14":0,"15":0,"16":0,"17":0,"18":0,"19":0,"20":0,"21":0,"22":0,"23":0,"24":0,"25":0,"26":0,"27":0,"28":0},"b":{"1":[1,0],"2":[1,1],"3":[0,0]},"f":{"1":1,"2":1,"3":0,"4":1,"5":0,"6":0,"7":0,"8":0,"9":0,"10":0,"11":0},"fnMap":{"1":{"name":"_interopRequireDefault","line":0,"loc":{"start":{"line":0,"column":0},"end":{"line":0,"column":0}},"skip":true},"2":{"name":"CreatUser","line":9,"loc":{"start":{"line":9,"column":12},"end":{"line":9,"column":21}}},"3":{"name":"(anonymous_3)","line":16,"loc":{"start":{"line":16,"column":10},"end":{"line":16,"column":18}}},"4":{"name":"(anonymous_4)","line":23,"loc":{"start":{"line":23,"column":11},"end":{"line":null,"column":null}}},"5":{"name":"list","line":25,"loc":{"start":{"line":25,"column":7},"end":{"line":25,"column":16}}},"6":{"name":"(anonymous_6)","line":36,"loc":{"start":{"line":36,"column":10},"end":{"line":36,"column":19}}},"7":{"name":"(anonymous_7)","line":39,"loc":{"start":{"line":39,"column":20},"end":{"line":39,"column":29}}},"8":{"name":"(anonymous_8)","line":54,"loc":{"start":{"line":54,"column":11},"end":{"line":null,"column":null}}},"9":{"name":"addGroup","line":56,"loc":{"start":{"line":56,"column":11},"end":{"line":56,"column":20}}},"10":{"name":"(anonymous_10)","line":58,"loc":{"start":{"line":58,"column":10},"end":{"line":58,"column":25}}},"11":{"name":"(anonymous_11)","line":69,"loc":{"start":{"line":69,"column":11},"end":{"line":null,"column":null}}}},"statementMap":{"1":{"start":{"line":0,"column":0},"end":{"line":0,"column":0},"skip":true},"2":{"start":{"line":2,"column":0},"end":{"line":null,"column":null}},"3":{"start":{"line":0,"column":0},"end":{"line":0,"column":0},"skip":true},"4":{"start":{"line":0,"column":0},"end":{"line":0,"column":0},"skip":true},"5":{"start":{"line":0,"column":0},"end":{"line":0,"column":0},"skip":true},"6":{"start":{"line":4,"column":0},"end":{"line":null,"column":null}},"7":{"start":{"line":5,"column":0},"end":{"line":null,"column":null}},"8":{"start":{"line":6,"column":0},"end":{"line":null,"column":null}},"9":{"start":{"line":8,"column":15},"end":{"line":71,"column":3}},"10":{"start":{"line":10,"column":9},"end":{"line":null,"column":null}},"11":{"start":{"line":17,"column":10},"end":{"line":null,"column":null}},"12":{"start":{"line":22,"column":10},"end":{"line":null,"column":null}},"13":{"start":{"line":23,"column":20},"end":{"line":null,"column":null}},"14":{"start":{"line":26,"column":9},"end":{"line":null,"column":null}},"15":{"start":{"line":37,"column":10},"end":{"line":null,"column":null}},"16":{"start":{"line":38,"column":10},"end":{"line":null,"column":null}},"17":{"start":{"line":39,"column":11},"end":{"line":36,"column":19}},"18":{"start":{"line":40,"column":12},"end":{"line":null,"column":null}},"19":{"start":{"line":49,"column":15},"end":{"line":null,"column":null}},"20":{"start":{"line":50,"column":16},"end":{"line":null,"column":null}},"21":{"start":{"line":52,"column":10},"end":{"line":null,"column":null}},"22":{"start":{"line":54,"column":20},"end":{"line":null,"column":null}},"23":{"start":{"line":57,"column":9},"end":{"line":null,"column":null}},"24":{"start":{"line":59,"column":9},"end":{"line":58,"column":25}},"25":{"start":{"line":60,"column":12},"end":{"line":null,"column":null}},"26":{"start":{"line":62,"column":19},"end":{"line":null,"column":null}},"27":{"start":{"line":66,"column":12},"end":{"line":null,"column":null}},"28":{"start":{"line":69,"column":20},"end":{"line":null,"column":null}}},"branchMap":{"1":{"line":0,"type":"cond-expr","locations":[{"start":{"line":0,"column":0},"end":{"line":0,"column":0},"skip":true},{"start":{"line":0,"column":0},"end":{"line":0,"column":0},"skip":true}]},"2":{"line":0,"type":"binary-expr","locations":[{"start":{"line":0,"column":0},"end":{"line":0,"column":0},"skip":true},{"start":{"line":0,"column":0},"end":{"line":0,"column":0},"skip":true}]},"3":{"line":59,"type":"if","locations":[{"start":{"line":59,"column":9},"end":{"line":59,"column":9}},{"start":{"line":59,"column":9},"end":{"line":59,"column":9}}]}}}}