TN:
SF:C:\Users\LENOVO PC\Documents\Andela\GitExercise\updatePostIt\app.js
FN:16,(anonymous_2)
FNF:1
FNH:1
FNDA:1,(anonymous_2)
DA:2,1
DA:3,1
DA:4,1
DA:5,1
DA:7,1
DA:9,1
DA:10,1
DA:11,1
DA:12,1
DA:16,1
DA:17,1
DA:20,1
LF:12
LH:12
BRF:0
BRH:0
end_of_record
TN:
SF:C:\Users\LENOVO PC\Documents\Andela\GitExercise\updatePostIt\routes.js
FN:10,(anonymous_2)
FNF:1
FNH:0
FNDA:0,(anonymous_2)
DA:2,1
DA:3,1
DA:5,1
DA:6,1
DA:7,1
DA:8,1
DA:10,1
DA:11,0
DA:14,1
DA:15,1
DA:16,1
DA:17,1
DA:18,1
DA:19,1
DA:20,1
DA:21,1
DA:23,1
LF:17
LH:16
BRF:0
BRH:0
end_of_record
TN:
SF:C:\Users\LENOVO PC\Documents\Andela\GitExercise\updatePostIt\server\controller\index.js
FNF:0
FNH:0
DA:2,1
DA:3,1
DA:4,1
DA:6,1
LF:4
LH:4
BRF:0
BRH:0
end_of_record
TN:
SF:C:\Users\LENOVO PC\Documents\Andela\GitExercise\updatePostIt\server\controller\group.js
FN:11,CreateGroup
FN:16,(anonymous_3)
FN:22,(anonymous_4)
FN:25,list
FN:35,(anonymous_6)
FN:38,(anonymous_7)
FN:56,(anonymous_8)
FN:59,addUser
FN:61,(anonymous_10)
FN:72,(anonymous_11)
FNF:10
FNH:5
FNDA:1,CreateGroup
FNDA:1,(anonymous_3)
FNDA:0,(anonymous_4)
FNDA:1,list
FNDA:1,(anonymous_6)
FNDA:1,(anonymous_7)
FNDA:0,(anonymous_8)
FNDA:0,addUser
FNDA:0,(anonymous_10)
FNDA:0,(anonymous_11)
DA:2,1
DA:4,1
DA:5,1
DA:6,1
DA:9,1
DA:12,1
DA:17,1
DA:21,1
DA:22,0
DA:26,1
DA:36,1
DA:37,1
DA:38,1
DA:39,1
DA:53,1
DA:55,1
DA:56,0
DA:60,0
DA:62,0
DA:63,0
DA:65,0
DA:70,0
DA:72,0
LF:23
LH:15
BRDA:62,3,0,0
BRDA:62,3,1,0
BRF:2
BRH:0
end_of_record
TN:
SF:C:\Users\LENOVO PC\Documents\Andela\GitExercise\updatePostIt\server\models\index.js
FN:22,(anonymous_2)
FN:25,(anonymous_3)
FN:30,(anonymous_4)
FNF:3
FNH:3
FNDA:5,(anonymous_2)
FNDA:4,(anonymous_3)
FNDA:4,(anonymous_4)
DA:3,1
DA:4,1
DA:5,1
DA:7,1
DA:8,1
DA:9,1
DA:11,1
DA:13,1
DA:14,1
DA:15,0
DA:17,1
DA:20,1
DA:23,5
DA:26,4
DA:27,4
DA:30,1
DA:31,4
DA:32,3
DA:36,1
DA:37,1
DA:39,1
LF:21
LH:20
BRDA:8,3,0,1
BRDA:8,3,1,0
BRDA:14,4,0,0
BRDA:14,4,1,1
BRDA:23,5,0,5
BRDA:23,5,1,5
BRDA:23,5,2,4
BRDA:31,6,0,3
BRDA:31,6,1,1
BRF:9
BRH:7
end_of_record
TN:
SF:C:\Users\LENOVO PC\Documents\Andela\GitExercise\updatePostIt\server\models\group.js
FN:3,(anonymous_1)
FN:8,(anonymous_2)
FNF:2
FNH:2
FNDA:1,(anonymous_1)
FNDA:1,(anonymous_2)
DA:3,1
DA:4,1
DA:8,1
DA:9,1
DA:13,1
DA:19,1
LF:6
LH:6
BRF:0
BRH:0
end_of_record
TN:
SF:C:\Users\LENOVO PC\Documents\Andela\GitExercise\updatePostIt\server\models\groupusers.js
FN:3,(anonymous_1)
FNF:1
FNH:1
FNDA:1,(anonymous_1)
DA:3,1
DA:4,1
DA:8,1
LF:3
LH:3
BRF:0
BRH:0
end_of_record
TN:
SF:C:\Users\LENOVO PC\Documents\Andela\GitExercise\updatePostIt\server\models\message.js
FN:3,(anonymous_1)
FN:9,(anonymous_2)
FNF:2
FNH:2
FNDA:1,(anonymous_1)
FNDA:1,(anonymous_2)
DA:3,1
DA:4,1
DA:9,1
DA:10,1
DA:15,1
LF:5
LH:5
BRF:0
BRH:0
end_of_record
TN:
SF:C:\Users\LENOVO PC\Documents\Andela\GitExercise\updatePostIt\server\models\user.js
FN:2,(anonymous_1)
FN:9,(anonymous_2)
FNF:2
FNH:2
FNDA:1,(anonymous_1)
FNDA:1,(anonymous_2)
DA:2,1
DA:3,1
DA:9,1
DA:10,1
DA:15,1
DA:17,1
LF:6
LH:6
BRF:0
BRH:0
end_of_record
TN:
SF:C:\Users\LENOVO PC\Documents\Andela\GitExercise\updatePostIt\server\controller\message.js
FN:9,createMessage
FN:15,(anonymous_3)
FN:22,(anonymous_4)
FN:25,list
FN:32,(anonymous_6)
FN:34,(anonymous_7)
FN:43,(anonymous_8)
FNF:7
FNH:0
FNDA:0,createMessage
FNDA:0,(anonymous_3)
FNDA:0,(anonymous_4)
FNDA:0,list
FNDA:0,(anonymous_6)
FNDA:0,(anonymous_7)
FNDA:0,(anonymous_8)
DA:2,1
DA:4,1
DA:5,1
DA:7,1
DA:10,0
DA:16,0
DA:21,0
DA:22,0
DA:26,0
DA:33,0
DA:34,0
DA:35,0
DA:40,0
DA:42,0
DA:43,0
LF:15
LH:4
BRF:0
BRH:0
end_of_record
TN:
SF:C:\Users\LENOVO PC\Documents\Andela\GitExercise\updatePostIt\server\controller\user.js
FN:9,CreatUser
FN:16,(anonymous_3)
FN:23,(anonymous_4)
FN:25,list
FN:36,(anonymous_6)
FN:39,(anonymous_7)
FN:54,(anonymous_8)
FN:56,addGroup
FN:58,(anonymous_10)
FN:69,(anonymous_11)
FNF:10
FNH:2
FNDA:1,CreatUser
FNDA:1,(anonymous_3)
FNDA:0,(anonymous_4)
FNDA:0,list
FNDA:0,(anonymous_6)
FNDA:0,(anonymous_7)
FNDA:0,(anonymous_8)
FNDA:0,addGroup
FNDA:0,(anonymous_10)
FNDA:0,(anonymous_11)
DA:2,1
DA:4,1
DA:5,1
DA:6,1
DA:8,1
DA:10,1
DA:17,1
DA:22,1
DA:23,0
DA:26,0
DA:37,0
DA:38,0
DA:39,0
DA:40,0
DA:49,0
DA:50,0
DA:52,0
DA:54,0
DA:57,0
DA:59,0
DA:60,0
DA:62,0
DA:66,0
DA:69,0
LF:24
LH:8
BRDA:59,3,0,0
BRDA:59,3,1,0
BRF:2
BRH:0
end_of_record
